0 info it worked if it ends with ok
1 verbose cli [ 'C:\\nodejs\\node.exe',
1 verbose cli   'C:\\nodejs\\node_modules\\npm\\bin\\npm-cli.js',
1 verbose cli   'run',
1 verbose cli   'webpack-devserver' ]
2 info using npm@3.10.10
3 info using node@v6.10.3
4 verbose run-script [ 'prewebpack-devserver',
4 verbose run-script   'webpack-devserver',
4 verbose run-script   'postwebpack-devserver' ]
5 info lifecycle notes-app@1.0.0~prewebpack-devserver: notes-app@1.0.0
6 silly lifecycle notes-app@1.0.0~prewebpack-devserver: no script for prewebpack-devserver, continuing
7 info lifecycle notes-app@1.0.0~webpack-devserver: notes-app@1.0.0
8 verbose lifecycle notes-app@1.0.0~webpack-devserver: unsafe-perm in lifecycle true
9 verbose lifecycle notes-app@1.0.0~webpack-devserver: PATH: C:\nodejs\node_modules\npm\bin\node-gyp-bin;E:\notes-app\node_modules\.bin;E:\conEmu\ConEmu\Scripts;E:\conEmu;E:\conEmu\ConEmu;C:\ProgramData\Oracle\Java\javapath;C:\Users\Виталий\gcc\bin;C:\Users\Виталий\gcc\libexec\gcc\x86_64-pc-mingw32\6.2.0;C:\Windows\system32;C:\Windows;C:\Windows\System32\Wbem;C:\Windows\System32\WindowsPowerShell\v1.0\;C:\Program Files (x86)\Skype\Phone\;C:\Program Files\Git\cmd;C:\nodejs\;C:\Program Files (x86)\NVIDIA Corporation\PhysX\Common;C:\Users\Виталий\AppData\Roaming\npm;C:\Program Files\MongoDB\Server\3.4\bin;C:\Users\Vitaly\AppData\Local\Android\sdk\platform-tools;C:\Program Files\Android\sdk
10 verbose lifecycle notes-app@1.0.0~webpack-devserver: CWD: E:\notes-app
11 silly lifecycle notes-app@1.0.0~webpack-devserver: Args: [ '/d /s /c',
11 silly lifecycle   'webpack-dev-server --debug --hot --devtool eval-source-map --output-pathinfo --watch --colors --inline --content-base public --port 8090 --host 0.0.0.0' ]
12 silly lifecycle notes-app@1.0.0~webpack-devserver: Returned: code: 3221225786  signal: null
13 info lifecycle notes-app@1.0.0~webpack-devserver: Failed to exec webpack-devserver script
14 verbose stack Error: notes-app@1.0.0 webpack-devserver: `webpack-dev-server --debug --hot --devtool eval-source-map --output-pathinfo --watch --colors --inline --content-base public --port 8090 --host 0.0.0.0`
14 verbose stack Exit status 3221225786
14 verbose stack     at EventEmitter.<anonymous> (C:\nodejs\node_modules\npm\lib\utils\lifecycle.js:255:16)
14 verbose stack     at emitTwo (events.js:106:13)
14 verbose stack     at EventEmitter.emit (events.js:191:7)
14 verbose stack     at ChildProcess.<anonymous> (C:\nodejs\node_modules\npm\lib\utils\spawn.js:40:14)
14 verbose stack     at emitTwo (events.js:106:13)
14 verbose stack     at ChildProcess.emit (events.js:191:7)
14 verbose stack     at maybeClose (internal/child_process.js:886:16)
14 verbose stack     at Process.ChildProcess._handle.onexit (internal/child_process.js:226:5)
15 verbose pkgid notes-app@1.0.0
16 verbose cwd E:\notes-app
17 error Windows_NT 6.3.9600
18 error argv "C:\\nodejs\\node.exe" "C:\\nodejs\\node_modules\\npm\\bin\\npm-cli.js" "run" "webpack-devserver"
19 error node v6.10.3
20 error npm  v3.10.10
21 error code ELIFECYCLE
22 error notes-app@1.0.0 webpack-devserver: `webpack-dev-server --debug --hot --devtool eval-source-map --output-pathinfo --watch --colors --inline --content-base public --port 8090 --host 0.0.0.0`
22 error Exit status 3221225786
23 error Failed at the notes-app@1.0.0 webpack-devserver script 'webpack-dev-server --debug --hot --devtool eval-source-map --output-pathinfo --watch --colors --inline --content-base public --port 8090 --host 0.0.0.0'.
23 error Make sure you have the latest version of node.js and npm installed.
23 error If you do, this is most likely a problem with the notes-app package,
23 error not with npm itself.
23 error Tell the author that this fails on your system:
23 error     webpack-dev-server --debug --hot --devtool eval-source-map --output-pathinfo --watch --colors --inline --content-base public --port 8090 --host 0.0.0.0
23 error You can get information on how to open an issue for this project with:
23 error     npm bugs notes-app
23 error Or if that isn't available, you can get their info via:
23 error     npm owner ls notes-app
23 error There is likely additional logging output above.
24 verbose exit [ 1, true ]
